#2013-09-05T10:01:43NZST
#System Version : junit-4.11
#Source Packages: junit.,org.junit
#Ignore Packages: 
#Distributed    : .
#Source Roots   : .
#1. Fully-qualified type name
#2. location in bin
#3. location in src
#4. 0=in src pkg (user-defined), 1=not in src pkg. See 'Source Packages' above
#5. 0=both bin and src, 1=bin only, 2=src only
#6. 0=distributed, 1 = not distributed. Source code in 'Distributed' above
#7. 0=top-level public, 4=top-level non-public, 1=top-level different name, 2=nested, 3=probably haven't seen source, -1 no source, or not parsed
#8. LOC - physical lines in file (for public type only)
#9. NCLOC - non-commented lines of code in file (for public type only)
#
junit.extensions.ActiveTestSuite	junit-4.11.jar	junit/extensions/ActiveTestSuite.java	0	0	0	0	70	52
junit.extensions.ActiveTestSuite$1	junit-4.11.jar	junit/extensions/ActiveTestSuite.java	0	0	0	2	0	0
junit.extensions.RepeatedTest	junit-4.11.jar	junit/extensions/RepeatedTest.java	0	0	0	0	39	30
junit.extensions.TestDecorator	junit-4.11.jar	junit/extensions/TestDecorator.java	0	0	0	0	42	26
junit.extensions.TestSetup	junit-4.11.jar	junit/extensions/TestSetup.java	0	0	0	0	42	24
junit.extensions.TestSetup$1	junit-4.11.jar	junit/extensions/TestSetup.java	0	0	0	2	0	0
junit.extensions.package-info	junit-4.11.jar		0	1	1	3	0	0
junit.textui.ResultPrinter	junit-4.11.jar	junit/textui/ResultPrinter.java	0	0	0	0	137	93
junit.textui.TestRunner	junit-4.11.jar	junit/textui/TestRunner.java	0	0	0	0	206	127
junit.textui.package-info	junit-4.11.jar		0	1	1	3	0	0
org.junit.internal.runners.ClassRoadie	junit-4.11.jar	org/junit/internal/runners/ClassRoadie.java	0	0	0	0	82	67
org.junit.internal.runners.ErrorReportingRunner	junit-4.11.jar	org/junit/internal/runners/ErrorReportingRunner.java	0	0	0	0	65	55
org.junit.internal.runners.FailedBefore	junit-4.11.jar	org/junit/internal/runners/FailedBefore.java	0	0	0	4	13	6
org.junit.internal.runners.InitializationError	junit-4.11.jar	org/junit/internal/runners/InitializationError.java	0	0	0	0	30	20
org.junit.internal.runners.JUnit38ClassRunner	junit-4.11.jar	org/junit/internal/runners/JUnit38ClassRunner.java	0	0	0	0	160	136
org.junit.internal.runners.JUnit38ClassRunner$1	junit-4.11.jar	org/junit/internal/runners/JUnit38ClassRunner.java	0	0	0	2	0	0
org.junit.internal.runners.JUnit38ClassRunner$OldTestClassAdaptingListener	junit-4.11.jar	org/junit/internal/runners/JUnit38ClassRunner.java	0	0	0	2	0	0
org.junit.internal.runners.JUnit4ClassRunner	junit-4.11.jar	org/junit/internal/runners/JUnit4ClassRunner.java	0	0	0	0	149	121
org.junit.internal.runners.JUnit4ClassRunner$1	junit-4.11.jar	org/junit/internal/runners/JUnit4ClassRunner.java	0	0	0	2	0	0
org.junit.internal.runners.JUnit4ClassRunner$2	junit-4.11.jar	org/junit/internal/runners/JUnit4ClassRunner.java	0	0	0	2	0	0
org.junit.internal.runners.MethodRoadie	junit-4.11.jar	org/junit/internal/runners/MethodRoadie.java	0	0	0	0	162	143
org.junit.internal.runners.MethodRoadie$1	junit-4.11.jar	org/junit/internal/runners/MethodRoadie.java	0	0	0	2	0	0
org.junit.internal.runners.MethodRoadie$1$1	junit-4.11.jar	org/junit/internal/runners/MethodRoadie.java	0	0	0	2	0	0
org.junit.internal.runners.MethodRoadie$2	junit-4.11.jar	org/junit/internal/runners/MethodRoadie.java	0	0	0	2	0	0
org.junit.internal.runners.MethodValidator	junit-4.11.jar	org/junit/internal/runners/MethodValidator.java	0	0	0	0	97	78
org.junit.internal.runners.SuiteMethod	junit-4.11.jar	org/junit/internal/runners/SuiteMethod.java	0	0	0	0	41	24
org.junit.internal.runners.TestClass	junit-4.11.jar	org/junit/internal/runners/TestClass.java	0	0	0	0	109	88
org.junit.internal.runners.TestMethod	junit-4.11.jar	org/junit/internal/runners/TestMethod.java	0	0	0	0	71	53
org.junit.internal.runners.package-info	junit-4.11.jar		0	1	1	3	0	0
org.junit.runner.notification.Failure	junit-4.11.jar	org/junit/runner/notification/Failure.java	0	0	0	0	84	39
org.junit.runner.notification.RunListener	junit-4.11.jar	org/junit/runner/notification/RunListener.java	0	0	0	0	99	20
org.junit.runner.notification.RunNotifier	junit-4.11.jar	org/junit/runner/notification/RunNotifier.java	0	0	0	0	214	127
org.junit.runner.notification.RunNotifier$1	junit-4.11.jar	org/junit/runner/notification/RunNotifier.java	0	0	0	2	0	0
org.junit.runner.notification.RunNotifier$2	junit-4.11.jar	org/junit/runner/notification/RunNotifier.java	0	0	0	2	0	0
org.junit.runner.notification.RunNotifier$3	junit-4.11.jar	org/junit/runner/notification/RunNotifier.java	0	0	0	2	0	0
org.junit.runner.notification.RunNotifier$4	junit-4.11.jar	org/junit/runner/notification/RunNotifier.java	0	0	0	2	0	0
org.junit.runner.notification.RunNotifier$5	junit-4.11.jar	org/junit/runner/notification/RunNotifier.java	0	0	0	2	0	0
org.junit.runner.notification.RunNotifier$6	junit-4.11.jar	org/junit/runner/notification/RunNotifier.java	0	0	0	2	0	0
org.junit.runner.notification.RunNotifier$7	junit-4.11.jar	org/junit/runner/notification/RunNotifier.java	0	0	0	2	0	0
org.junit.runner.notification.RunNotifier$SafeNotifier	junit-4.11.jar	org/junit/runner/notification/RunNotifier.java	0	0	0	2	0	0
org.junit.runner.notification.StoppedByUserException	junit-4.11.jar	org/junit/runner/notification/StoppedByUserException.java	0	0	0	0	12	4
org.junit.runner.notification.package-info	junit-4.11.jar		0	1	1	3	0	0
org.junit.After	junit-4.11.jar	org/junit/After.java	0	0	0	0	41	9
org.junit.AfterClass	junit-4.11.jar	org/junit/AfterClass.java	0	0	0	0	42	9
org.junit.Assert	junit-4.11.jar	org/junit/Assert.java	0	0	0	0	867	290
org.junit.Assume	junit-4.11.jar	org/junit/Assume.java	0	0	0	0	158	41
org.junit.Before	junit-4.11.jar	org/junit/Before.java	0	0	0	0	40	9
org.junit.BeforeClass	junit-4.11.jar	org/junit/BeforeClass.java	0	0	0	0	37	9
org.junit.ClassRule	junit-4.11.jar	org/junit/ClassRule.java	0	0	0	0	89	9
org.junit.ComparisonFailure	junit-4.11.jar	org/junit/ComparisonFailure.java	0	0	0	0	150	86
org.junit.ComparisonFailure$ComparisonCompactor	junit-4.11.jar	org/junit/ComparisonFailure.java	0	0	0	2	0	0
org.junit.FixMethodOrder	junit-4.11.jar	org/junit/FixMethodOrder.java	0	0	0	0	42	11
org.junit.Ignore	junit-4.11.jar	org/junit/Ignore.java	0	0	0	0	40	10
org.junit.Rule	junit-4.11.jar	org/junit/Rule.java	0	0	0	0	71	9
org.junit.Test	junit-4.11.jar	org/junit/Test.java	0	0	0	0	72	16
org.junit.Test$None	junit-4.11.jar	org/junit/Test.java	0	0	0	2	0	0
org.junit.package-info	junit-4.11.jar		0	1	1	3	0	0
org.junit.experimental.results.FailureList	junit-4.11.jar	org/junit/experimental/results/FailureList.java	0	0	0	4	28	23
org.junit.experimental.results.PrintableResult	junit-4.11.jar	org/junit/experimental/results/PrintableResult.java	0	0	0	0	63	33
org.junit.experimental.results.ResultMatchers	junit-4.11.jar	org/junit/experimental/results/ResultMatchers.java	0	0	0	0	70	41
org.junit.experimental.results.ResultMatchers$1	junit-4.11.jar	org/junit/experimental/results/ResultMatchers.java	0	0	0	2	0	0
org.junit.experimental.results.ResultMatchers$2	junit-4.11.jar	org/junit/experimental/results/ResultMatchers.java	0	0	0	2	0	0
org.junit.experimental.results.ResultMatchers$3	junit-4.11.jar	org/junit/experimental/results/ResultMatchers.java	0	0	0	2	0	0
org.junit.internal.runners.model.EachTestNotifier	junit-4.11.jar	org/junit/internal/runners/model/EachTestNotifier.java	0	0	0	0	49	39
org.junit.internal.runners.model.MultipleFailureException	junit-4.11.jar	org/junit/internal/runners/model/MultipleFailureException.java	0	0	0	0	12	9
org.junit.internal.runners.model.ReflectiveCallable	junit-4.11.jar	org/junit/internal/runners/model/ReflectiveCallable.java	0	0	0	0	19	12
org.junit.experimental.theories.suppliers.TestedOn	junit-4.11.jar	org/junit/experimental/theories/suppliers/TestedOn.java	0	0	0	0	12	9
org.junit.experimental.theories.suppliers.TestedOnSupplier	junit-4.11.jar	org/junit/experimental/theories/suppliers/TestedOnSupplier.java	0	0	0	0	21	18
org.junit.runners.AllTests	junit-4.11.jar	org/junit/runners/AllTests.java	0	0	0	0	27	7
org.junit.runners.BlockJUnit4ClassRunner	junit-4.11.jar	org/junit/runners/BlockJUnit4ClassRunner.java	0	0	0	0	416	216
org.junit.runners.BlockJUnit4ClassRunner$1	junit-4.11.jar	org/junit/runners/BlockJUnit4ClassRunner.java	0	0	0	2	0	0
org.junit.runners.JUnit4	junit-4.11.jar	org/junit/runners/JUnit4.java	0	0	0	0	24	7
org.junit.runners.MethodSorters	junit-4.11.jar	org/junit/runners/MethodSorters.java	0	0	0	0	41	16
org.junit.runners.Parameterized	junit-4.11.jar	org/junit/runners/Parameterized.java	0	0	0	0	353	192
org.junit.runners.Parameterized$Parameter	junit-4.11.jar	org/junit/runners/Parameterized.java	0	0	0	2	0	0
org.junit.runners.Parameterized$Parameters	junit-4.11.jar	org/junit/runners/Parameterized.java	0	0	0	2	0	0
org.junit.runners.Parameterized$TestClassRunnerForParameters	junit-4.11.jar	org/junit/runners/Parameterized.java	0	0	0	2	0	0
org.junit.runners.ParentRunner	junit-4.11.jar	org/junit/runners/ParentRunner.java	0	0	0	0	391	218
org.junit.runners.ParentRunner$1	junit-4.11.jar	org/junit/runners/ParentRunner.java	0	0	0	2	0	0
org.junit.runners.ParentRunner$2	junit-4.11.jar	org/junit/runners/ParentRunner.java	0	0	0	2	0	0
org.junit.runners.ParentRunner$3	junit-4.11.jar	org/junit/runners/ParentRunner.java	0	0	0	2	0	0
org.junit.runners.ParentRunner$4	junit-4.11.jar	org/junit/runners/ParentRunner.java	0	0	0	2	0	0
org.junit.runners.Suite	junit-4.11.jar	org/junit/runners/Suite.java	0	0	0	0	129	64
org.junit.runners.Suite$SuiteClasses	junit-4.11.jar	org/junit/runners/Suite.java	0	0	0	2	0	0
org.junit.runners.package-info	junit-4.11.jar		0	1	1	3	0	0
org.junit.rules.ErrorCollector	junit-4.11.jar	org/junit/rules/ErrorCollector.java	0	0	0	0	84	36
org.junit.rules.ErrorCollector$1	junit-4.11.jar	org/junit/rules/ErrorCollector.java	0	0	0	2	0	0
org.junit.rules.ExpectedException	junit-4.11.jar	org/junit/rules/ExpectedException.java	0	0	0	0	203	88
org.junit.rules.ExpectedException$ExpectedExceptionStatement	junit-4.11.jar	org/junit/rules/ExpectedException.java	0	0	0	2	0	0
org.junit.rules.ExpectedExceptionMatcherBuilder	junit-4.11.jar	org/junit/rules/ExpectedExceptionMatcherBuilder.java	0	0	0	4	46	32
org.junit.rules.ExternalResource	junit-4.11.jar	org/junit/rules/ExternalResource.java	0	0	0	0	71	25
org.junit.rules.ExternalResource$1	junit-4.11.jar	org/junit/rules/ExternalResource.java	0	0	0	2	0	0
org.junit.rules.MethodRule	junit-4.11.jar	org/junit/rules/MethodRule.java	0	0	0	0	44	7
org.junit.rules.RuleChain	junit-4.11.jar	org/junit/rules/RuleChain.java	0	0	0	0	97	32
org.junit.rules.RunRules	junit-4.11.jar	org/junit/rules/RunRules.java	0	0	0	0	30	20
org.junit.rules.TemporaryFolder	junit-4.11.jar	org/junit/rules/TemporaryFolder.java	0	0	0	0	152	84
org.junit.rules.TestName	junit-4.11.jar	org/junit/rules/TestName.java	0	0	0	0	41	12
org.junit.rules.TestRule	junit-4.11.jar	org/junit/rules/TestRule.java	0	0	0	0	56	6
org.junit.rules.TestWatcher	junit-4.11.jar	org/junit/rules/TestWatcher.java	0	0	0	0	146	81
org.junit.rules.TestWatcher$1	junit-4.11.jar	org/junit/rules/TestWatcher.java	0	0	0	2	0	0
org.junit.rules.TestWatchman	junit-4.11.jar	org/junit/rules/TestWatchman.java	0	0	0	0	91	35
org.junit.rules.TestWatchman$1	junit-4.11.jar	org/junit/rules/TestWatchman.java	0	0	0	2	0	0
org.junit.rules.Timeout	junit-4.11.jar	org/junit/rules/Timeout.java	0	0	0	0	48	13
org.junit.rules.Verifier	junit-4.11.jar	org/junit/rules/Verifier.java	0	0	0	0	47	16
org.junit.rules.Verifier$1	junit-4.11.jar	org/junit/rules/Verifier.java	0	0	0	2	0	0
org.junit.experimental.theories.DataPoint	junit-4.11.jar	org/junit/experimental/theories/DataPoint.java	0	0	0	0	9	6
org.junit.experimental.theories.DataPoints	junit-4.11.jar	org/junit/experimental/theories/DataPoints.java	0	0	0	0	9	6
org.junit.experimental.theories.ParameterSignature	junit-4.11.jar	org/junit/experimental/theories/ParameterSignature.java	0	0	0	0	92	76
org.junit.experimental.theories.ParameterSupplier	junit-4.11.jar	org/junit/experimental/theories/ParameterSupplier.java	0	0	0	0	7	5
org.junit.experimental.theories.ParametersSuppliedBy	junit-4.11.jar	org/junit/experimental/theories/ParametersSuppliedBy.java	0	0	0	0	12	7
org.junit.experimental.theories.PotentialAssignment	junit-4.11.jar	org/junit/experimental/theories/PotentialAssignment.java	0	0	0	0	31	25
org.junit.experimental.theories.PotentialAssignment$1	junit-4.11.jar	org/junit/experimental/theories/PotentialAssignment.java	0	0	0	2	0	0
org.junit.experimental.theories.PotentialAssignment$CouldNotGenerateValueException	junit-4.11.jar	org/junit/experimental/theories/PotentialAssignment.java	0	0	0	2	0	0
org.junit.experimental.theories.Theories	junit-4.11.jar	org/junit/experimental/theories/Theories.java	0	0	0	0	209	178
org.junit.experimental.theories.Theories$TheoryAnchor	junit-4.11.jar	org/junit/experimental/theories/Theories.java	0	0	0	2	0	0
org.junit.experimental.theories.Theories$TheoryAnchor$1	junit-4.11.jar	org/junit/experimental/theories/Theories.java	0	0	0	2	0	0
org.junit.experimental.theories.Theories$TheoryAnchor$1$1	junit-4.11.jar	org/junit/experimental/theories/Theories.java	0	0	0	2	0	0
org.junit.experimental.theories.Theories$TheoryAnchor$2	junit-4.11.jar	org/junit/experimental/theories/Theories.java	0	0	0	2	0	0
org.junit.experimental.theories.Theory	junit-4.11.jar	org/junit/experimental/theories/Theory.java	0	0	0	0	9	7
org.junit.experimental.max.CouldNotReadCoreException	junit-4.11.jar	org/junit/experimental/max/CouldNotReadCoreException.java	0	0	0	0	15	7
org.junit.experimental.max.MaxCore	junit-4.11.jar	org/junit/experimental/max/MaxCore.java	0	0	0	0	181	110
org.junit.experimental.max.MaxCore$1	junit-4.11.jar	org/junit/experimental/max/MaxCore.java	0	0	0	2	0	0
org.junit.experimental.max.MaxCore$1$1	junit-4.11.jar	org/junit/experimental/max/MaxCore.java	0	0	0	2	0	0
org.junit.experimental.max.MaxHistory	junit-4.11.jar	org/junit/experimental/max/MaxHistory.java	0	0	0	0	170	122
org.junit.experimental.max.MaxHistory$1	junit-4.11.jar	org/junit/experimental/max/MaxHistory.java	0	0	0	2	0	0
org.junit.experimental.max.MaxHistory$RememberingListener	junit-4.11.jar	org/junit/experimental/max/MaxHistory.java	0	0	0	2	0	0
org.junit.experimental.max.MaxHistory$TestComparator	junit-4.11.jar	org/junit/experimental/max/MaxHistory.java	0	0	0	2	0	0
org.junit.experimental.runners.Enclosed	junit-4.11.jar	org/junit/experimental/runners/Enclosed.java	0	0	0	0	31	8
org.junit.internal.matchers.StacktracePrintingMatcher	junit-4.11.jar	org/junit/internal/matchers/StacktracePrintingMatcher.java	0	0	0	0	56	41
org.junit.internal.matchers.ThrowableCauseMatcher	junit-4.11.jar	org/junit/internal/matchers/ThrowableCauseMatcher.java	0	0	0	0	37	29
org.junit.internal.matchers.ThrowableMessageMatcher	junit-4.11.jar	org/junit/internal/matchers/ThrowableMessageMatcher.java	0	0	0	0	37	29
org.junit.internal.matchers.TypeSafeMatcher	junit-4.11.jar	org/junit/internal/matchers/TypeSafeMatcher.java	0	0	0	0	63	36
org.junit.runners.model.FrameworkField	junit-4.11.jar	org/junit/runners/model/FrameworkField.java	0	0	0	0	71	43
org.junit.runners.model.FrameworkMember	junit-4.11.jar	org/junit/runners/model/FrameworkMember.java	0	0	0	0	35	19
org.junit.runners.model.FrameworkMethod	junit-4.11.jar	org/junit/runners/model/FrameworkMethod.java	0	0	0	0	199	110
org.junit.runners.model.FrameworkMethod$1	junit-4.11.jar	org/junit/runners/model/FrameworkMethod.java	0	0	0	2	0	0
org.junit.runners.model.InitializationError	junit-4.11.jar	org/junit/runners/model/InitializationError.java	0	0	0	0	41	19
org.junit.runners.model.MultipleFailureException	junit-4.11.jar	org/junit/runners/model/MultipleFailureException.java	0	0	0	0	64	33
org.junit.runners.model.NoGenericTypeParametersValidator	junit-4.11.jar	org/junit/runners/model/NoGenericTypeParametersValidator.java	0	0	0	4	58	50
org.junit.runners.model.RunnerBuilder	junit-4.11.jar	org/junit/runners/model/RunnerBuilder.java	0	0	0	0	108	50
org.junit.runners.model.RunnerScheduler	junit-4.11.jar	org/junit/runners/model/RunnerScheduler.java	0	0	0	0	23	5
org.junit.runners.model.Statement	junit-4.11.jar	org/junit/runners/model/Statement.java	0	0	0	0	15	4
org.junit.runners.model.TestClass	junit-4.11.jar	org/junit/runners/model/TestClass.java	0	0	0	0	188	134
org.junit.experimental.ParallelComputer	junit-4.11.jar	org/junit/experimental/ParallelComputer.java	0	0	0	0	67	55
org.junit.experimental.ParallelComputer$1	junit-4.11.jar	org/junit/experimental/ParallelComputer.java	0	0	0	2	0	0
junit.runner.BaseTestRunner	junit-4.11.jar	junit/runner/BaseTestRunner.java	0	0	0	0	327	243
junit.runner.TestRunListener	junit-4.11.jar	junit/runner/TestRunListener.java	0	0	0	0	25	11
junit.runner.Version	junit-4.11.jar	junit/runner/Version.java	0	0	0	0	18	11
junit.runner.package-info	junit-4.11.jar		0	1	1	3	0	0
org.junit.internal.runners.rules.RuleFieldValidator	junit-4.11.jar	org/junit/internal/runners/rules/RuleFieldValidator.java	0	0	0	0	118	71
org.junit.matchers.JUnitMatchers	junit-4.11.jar	org/junit/matchers/JUnitMatchers.java	0	0	0	0	113	46
org.junit.matchers.package-info	junit-4.11.jar		0	1	1	3	0	0
org.junit.internal.builders.AllDefaultPossibilitiesBuilder	junit-4.11.jar	org/junit/internal/builders/AllDefaultPossibilitiesBuilder.java	0	0	0	0	56	45
org.junit.internal.builders.AnnotatedBuilder	junit-4.11.jar	org/junit/internal/builders/AnnotatedBuilder.java	0	0	0	0	43	37
org.junit.internal.builders.IgnoredBuilder	junit-4.11.jar	org/junit/internal/builders/IgnoredBuilder.java	0	0	0	0	15	13
org.junit.internal.builders.IgnoredClassRunner	junit-4.11.jar	org/junit/internal/builders/IgnoredClassRunner.java	0	0	0	0	23	18
org.junit.internal.builders.JUnit3Builder	junit-4.11.jar	org/junit/internal/builders/JUnit3Builder.java	0	0	0	0	19	16
org.junit.internal.builders.JUnit4Builder	junit-4.11.jar	org/junit/internal/builders/JUnit4Builder.java	0	0	0	0	12	10
org.junit.internal.builders.NullBuilder	junit-4.11.jar	org/junit/internal/builders/NullBuilder.java	0	0	0	0	11	9
org.junit.internal.builders.SuiteMethodBuilder	junit-4.11.jar	org/junit/internal/builders/SuiteMethodBuilder.java	0	0	0	0	24	21
junit.framework.Assert	junit-4.11.jar	junit/framework/Assert.java	0	0	0	0	339	161
junit.framework.AssertionFailedError	junit-4.11.jar	junit/framework/AssertionFailedError.java	0	0	0	0	20	12
junit.framework.ComparisonCompactor	junit-4.11.jar	junit/framework/ComparisonCompactor.java	0	0	0	0	77	65
junit.framework.ComparisonFailure	junit-4.11.jar	junit/framework/ComparisonFailure.java	0	0	0	0	56	22
junit.framework.JUnit4TestAdapter	junit-4.11.jar	junit/framework/JUnit4TestAdapter.java	0	0	0	0	86	67
junit.framework.JUnit4TestAdapterCache	junit-4.11.jar	junit/framework/JUnit4TestAdapterCache.java	0	0	0	0	77	66
junit.framework.JUnit4TestAdapterCache$1	junit-4.11.jar	junit/framework/JUnit4TestAdapterCache.java	0	0	0	2	0	0
junit.framework.JUnit4TestCaseFacade	junit-4.11.jar	junit/framework/JUnit4TestCaseFacade.java	0	0	0	0	30	23
junit.framework.Protectable	junit-4.11.jar	junit/framework/Protectable.java	0	0	0	0	14	4
junit.framework.Test	junit-4.11.jar	junit/framework/Test.java	0	0	0	0	18	5
junit.framework.TestCase	junit-4.11.jar	junit/framework/TestCase.java	0	0	0	0	546	230
junit.framework.TestFailure	junit-4.11.jar	junit/framework/TestFailure.java	0	0	0	0	65	36
junit.framework.TestListener	junit-4.11.jar	junit/framework/TestListener.java	0	0	0	0	26	7
junit.framework.TestResult	junit-4.11.jar	junit/framework/TestResult.java	0	0	0	0	185	101
junit.framework.TestResult$1	junit-4.11.jar	junit/framework/TestResult.java	0	0	0	2	0	0
junit.framework.TestSuite	junit-4.11.jar	junit/framework/TestSuite.java	0	0	0	0	322	183
junit.framework.TestSuite$1	junit-4.11.jar	junit/framework/TestSuite.java	0	0	0	2	0	0
junit.framework.package-info	junit-4.11.jar		0	1	1	3	0	0
org.junit.runner.Computer	junit-4.11.jar	org/junit/runner/Computer.java	0	0	0	0	42	21
org.junit.runner.Computer$1	junit-4.11.jar	org/junit/runner/Computer.java	0	0	0	2	0	0
org.junit.runner.Describable	junit-4.11.jar	org/junit/runner/Describable.java	0	0	0	0	14	4
org.junit.runner.Description	junit-4.11.jar	org/junit/runner/Description.java	0	0	0	0	309	145
org.junit.runner.JUnitCore	junit-4.11.jar	org/junit/runner/JUnitCore.java	0	0	0	0	191	86
org.junit.runner.Request	junit-4.11.jar	org/junit/runner/Request.java	0	0	0	0	171	56
org.junit.runner.Request$1	junit-4.11.jar	org/junit/runner/Request.java	0	0	0	2	0	0
org.junit.runner.Result	junit-4.11.jar	org/junit/runner/Result.java	0	0	0	0	107	63
org.junit.runner.Result$1	junit-4.11.jar	org/junit/runner/Result.java	0	0	0	2	0	0
org.junit.runner.Result$Listener	junit-4.11.jar	org/junit/runner/Result.java	0	0	0	2	0	0
org.junit.runner.RunWith	junit-4.11.jar	org/junit/runner/RunWith.java	0	0	0	0	36	12
org.junit.runner.Runner	junit-4.11.jar	org/junit/runner/Runner.java	0	0	0	0	43	9
org.junit.runner.package-info	junit-4.11.jar		0	1	1	3	0	0
org.junit.internal.requests.ClassRequest	junit-4.11.jar	org/junit/internal/requests/ClassRequest.java	0	0	0	0	31	26
org.junit.internal.requests.FilterRequest	junit-4.11.jar	org/junit/internal/requests/FilterRequest.java	0	0	0	0	40	26
org.junit.internal.requests.SortingRequest	junit-4.11.jar	org/junit/internal/requests/SortingRequest.java	0	0	0	0	25	20
org.junit.internal.requests.package-info	junit-4.11.jar		0	1	1	3	0	0
org.junit.internal.ArrayComparisonFailure	junit-4.11.jar	org/junit/internal/ArrayComparisonFailure.java	0	0	0	0	63	38
org.junit.internal.AssumptionViolatedException	junit-4.11.jar	org/junit/internal/AssumptionViolatedException.java	0	0	0	0	87	51
org.junit.internal.ComparisonCriteria	junit-4.11.jar	org/junit/internal/ComparisonCriteria.java	0	0	0	0	78	52
org.junit.internal.ExactComparisonCriteria	junit-4.11.jar	org/junit/internal/ExactComparisonCriteria.java	0	0	0	0	10	8
org.junit.internal.InexactComparisonCriteria	junit-4.11.jar	org/junit/internal/InexactComparisonCriteria.java	0	0	0	0	24	19
org.junit.internal.JUnitSystem	junit-4.11.jar	org/junit/internal/JUnitSystem.java	0	0	0	0	7	5
org.junit.internal.MethodSorter	junit-4.11.jar	org/junit/internal/MethodSorter.java	0	0	0	0	72	42
org.junit.internal.MethodSorter$1	junit-4.11.jar	org/junit/internal/MethodSorter.java	0	0	0	2	0	0
org.junit.internal.MethodSorter$2	junit-4.11.jar	org/junit/internal/MethodSorter.java	0	0	0	2	0	0
org.junit.internal.RealSystem	junit-4.11.jar	org/junit/internal/RealSystem.java	0	0	0	0	10	7
org.junit.internal.TextListener	junit-4.11.jar	org/junit/internal/TextListener.java	0	0	0	0	101	76
org.junit.experimental.theories.internal.AllMembersSupplier	junit-4.11.jar	org/junit/experimental/theories/internal/AllMembersSupplier.java	0	0	0	0	144	117
org.junit.experimental.theories.internal.AllMembersSupplier$1	junit-4.11.jar	org/junit/experimental/theories/internal/AllMembersSupplier.java	0	0	0	2	0	0
org.junit.experimental.theories.internal.AllMembersSupplier$MethodParameterValue	junit-4.11.jar	org/junit/experimental/theories/internal/AllMembersSupplier.java	0	0	0	2	0	0
org.junit.experimental.theories.internal.Assignments	junit-4.11.jar	org/junit/experimental/theories/internal/Assignments.java	0	0	0	0	133	104
org.junit.experimental.theories.internal.ParameterizedAssertionError	junit-4.11.jar	org/junit/experimental/theories/internal/ParameterizedAssertionError.java	0	0	0	0	46	39
org.junit.runner.manipulation.Filter	junit-4.11.jar	org/junit/runner/manipulation/Filter.java	0	0	0	0	122	68
org.junit.runner.manipulation.Filter$1	junit-4.11.jar	org/junit/runner/manipulation/Filter.java	0	0	0	2	0	0
org.junit.runner.manipulation.Filter$2	junit-4.11.jar	org/junit/runner/manipulation/Filter.java	0	0	0	2	0	0
org.junit.runner.manipulation.Filter$3	junit-4.11.jar	org/junit/runner/manipulation/Filter.java	0	0	0	2	0	0
org.junit.runner.manipulation.Filterable	junit-4.11.jar	org/junit/runner/manipulation/Filterable.java	0	0	0	0	19	4
org.junit.runner.manipulation.NoTestsRemainException	junit-4.11.jar	org/junit/runner/manipulation/NoTestsRemainException.java	0	0	0	0	10	4
org.junit.runner.manipulation.Sortable	junit-4.11.jar	org/junit/runner/manipulation/Sortable.java	0	0	0	0	20	4
org.junit.runner.manipulation.Sorter	junit-4.11.jar	org/junit/runner/manipulation/Sorter.java	0	0	0	0	47	23
org.junit.runner.manipulation.Sorter$1	junit-4.11.jar	org/junit/runner/manipulation/Sorter.java	0	0	0	2	0	0
org.junit.runner.manipulation.package-info	junit-4.11.jar		0	1	1	3	0	0
org.junit.internal.runners.statements.ExpectException	junit-4.11.jar	org/junit/internal/runners/statements/ExpectException.java	0	0	0	0	36	32
org.junit.internal.runners.statements.Fail	junit-4.11.jar	org/junit/internal/runners/statements/Fail.java	0	0	0	0	16	12
org.junit.internal.runners.statements.FailOnTimeout	junit-4.11.jar	org/junit/internal/runners/statements/FailOnTimeout.java	0	0	0	0	83	66
org.junit.internal.runners.statements.FailOnTimeout$StatementThread	junit-4.11.jar	org/junit/internal/runners/statements/FailOnTimeout.java	0	0	0	2	0	0
org.junit.internal.runners.statements.InvokeMethod	junit-4.11.jar	org/junit/internal/runners/statements/InvokeMethod.java	0	0	0	0	19	15
org.junit.internal.runners.statements.RunAfters	junit-4.11.jar	org/junit/internal/runners/statements/RunAfters.java	0	0	0	0	41	34
org.junit.internal.runners.statements.RunBefores	junit-4.11.jar	org/junit/internal/runners/statements/RunBefores.java	0	0	0	0	28	21
org.junit.experimental.categories.Categories	junit-4.11.jar	org/junit/experimental/categories/Categories.java	0	0	0	0	205	133
org.junit.experimental.categories.Categories$CategoryFilter	junit-4.11.jar	org/junit/experimental/categories/Categories.java	0	0	0	2	0	0
org.junit.experimental.categories.Categories$ExcludeCategory	junit-4.11.jar	org/junit/experimental/categories/Categories.java	0	0	0	2	0	0
org.junit.experimental.categories.Categories$IncludeCategory	junit-4.11.jar	org/junit/experimental/categories/Categories.java	0	0	0	2	0	0
org.junit.experimental.categories.Category	junit-4.11.jar	org/junit/experimental/categories/Category.java	0	0	0	0	43	7
#Issues
#======
#SRC NO PUBLIC TYPE for junit/extensions/package-info.java.
#SRC NO PUBLIC TYPE for junit/framework/package-info.java.
#SRC NO PUBLIC TYPE for junit/runner/package-info.java.
#SRC NO PUBLIC TYPE for junit/textui/package-info.java.
#SRC NO PUBLIC TYPE for org/junit/experimental/results/FailureList.java.
#SRC NO PUBLIC TYPE for org/junit/internal/requests/package-info.java.
#SRC NO PUBLIC TYPE for org/junit/internal/runners/FailedBefore.java.
#SRC NO PUBLIC TYPE for org/junit/internal/runners/package-info.java.
#SRC NO PUBLIC TYPE for org/junit/matchers/package-info.java.
#SRC NO PUBLIC TYPE for org/junit/package-info.java.
#SRC NO PUBLIC TYPE for org/junit/rules/ExpectedExceptionMatcherBuilder.java.
#SRC NO PUBLIC TYPE for org/junit/runner/manipulation/package-info.java.
#SRC NO PUBLIC TYPE for org/junit/runner/notification/package-info.java.
#SRC NO PUBLIC TYPE for org/junit/runner/package-info.java.
#SRC NO PUBLIC TYPE for org/junit/runners/model/NoGenericTypeParametersValidator.java.
#SRC NO PUBLIC TYPE for org/junit/runners/package-info.java.
